\BOOKMARK [1][-]{section.1}{1 Einleitung}{}% 1
\BOOKMARK [1][-]{section.2}{2 Auftragsbeschreibung}{}% 2
\BOOKMARK [1][-]{section.3}{3 Ziele}{}% 3
\BOOKMARK [1][-]{section.4}{4 Konzept}{}% 4
\BOOKMARK [2][-]{subsection.4.1}{4.1 Prototyping}{section.4}% 5
\BOOKMARK [1][-]{section.5}{5 Interfaces}{}% 6
\BOOKMARK [2][-]{subsection.5.1}{5.1 SPI \(Serial Peripheral Interface\)}{section.5}% 7
\BOOKMARK [2][-]{subsection.5.2}{5.2 I2C}{section.5}% 8
\BOOKMARK [1][-]{section.6}{6 MCU}{}% 9
\BOOKMARK [1][-]{section.7}{7 RTC}{}% 10
\BOOKMARK [1][-]{section.8}{8 Sensoren}{}% 11
\BOOKMARK [2][-]{subsection.8.1}{8.1 Ombrometer}{section.8}% 12
\BOOKMARK [2][-]{subsection.8.2}{8.2 Anemometer}{section.8}% 13
\BOOKMARK [2][-]{subsection.8.3}{8.3 Windrichtungsgeber}{section.8}% 14
\BOOKMARK [2][-]{subsection.8.4}{8.4 BME280}{section.8}% 15
\BOOKMARK [1][-]{section.9}{9 Datenspeicherung}{}% 16
\BOOKMARK [2][-]{subsection.9.1}{9.1 Breakoutboard}{section.9}% 17
\BOOKMARK [2][-]{subsection.9.2}{9.2 SD-Karte}{section.9}% 18
\BOOKMARK [2][-]{subsection.9.3}{9.3 Implementation in die Firmware}{section.9}% 19
\BOOKMARK [1][-]{section.10}{10 Konzeptvalidierung}{}% 20
\BOOKMARK [1][-]{section*.24}{Literatur}{}% 21
\BOOKMARK [1][-]{appendix.A}{A Lastenheft}{}% 22
